<?xml version="1.0" encoding="UTF-8" ?>
<testsuite failures="0" time="2.116" errors="0" skipped="0" tests="3" name="com.prueba.spring.servlets.DatosUsuarioTest">
  <properties>
[...]
</properties>
  <testcase time="1.86" classname="com.prueba.spring.servlets.DatosUsuarioTest" name="testEmpNull"/>
  <testcase time="0.006" classname="com.prueba.spring.servlets.DatosUsuarioTest" name="testGet"/>
  <testcase time="0.25" classname="com.prueba.spring.servlets.DatosUsuarioTest" name="testServlet"/>
</testsuite>